[debug] [2021-05-27T09:40:42.221Z] ----------------------------------------------------------------------
[debug] [2021-05-27T09:40:42.229Z] Command:       C:\Program Files\nodejs\node.exe C:\Users\cbanz\AppData\Roaming\npm\node_modules\firebase-tools\lib\bin\firebase.js deploy --only functions
[debug] [2021-05-27T09:40:42.229Z] CLI Version:   9.6.0
[debug] [2021-05-27T09:40:42.230Z] Platform:      win32
[debug] [2021-05-27T09:40:42.230Z] Node Version:  v14.8.0
[debug] [2021-05-27T09:40:42.248Z] Time:          Thu May 27 2021 11:40:42 GMT+0200 (heure d’été d’Europe centrale)
[debug] [2021-05-27T09:40:42.248Z] ----------------------------------------------------------------------
[debug] [2021-05-27T09:40:42.249Z] 
[debug] [2021-05-27T09:40:42.281Z] > command requires scopes: ["email","openid","https://www.googleapis.com/auth/cloudplatformprojects.readonly","https://www.googleapis.com/auth/firebase","https://www.googleapis.com/auth/cloud-platform"]
[debug] [2021-05-27T09:40:42.283Z] > authorizing via signed-in user
[debug] [2021-05-27T09:40:42.284Z] [iam] checking project arian-fitness-dev for permissions ["cloudfunctions.functions.create","cloudfunctions.functions.delete","cloudfunctions.functions.get","cloudfunctions.functions.list","cloudfunctions.functions.update","cloudfunctions.operations.get","firebase.projects.get"]
[debug] [2021-05-27T09:40:42.294Z] > refreshing access token with scopes: ["email","https://www.googleapis.com/auth/cloud-platform","https://www.googleapis.com/auth/cloudplatformprojects.readonly","https://www.googleapis.com/auth/firebase","openid"]
[debug] [2021-05-27T09:40:42.295Z] >>> HTTP REQUEST POST https://www.googleapis.com/oauth2/v3/token  
 <request body omitted>
[debug] [2021-05-27T09:41:04.723Z] ----------------------------------------------------------------------
[debug] [2021-05-27T09:41:04.726Z] Command:       C:\Program Files\nodejs\node.exe C:\Users\cbanz\AppData\Roaming\npm\node_modules\firebase-tools\lib\bin\firebase.js deploy --only functions
[debug] [2021-05-27T09:41:04.727Z] CLI Version:   9.6.0
[debug] [2021-05-27T09:41:04.727Z] Platform:      win32
[debug] [2021-05-27T09:41:04.727Z] Node Version:  v14.8.0
[debug] [2021-05-27T09:41:04.730Z] Time:          Thu May 27 2021 11:41:04 GMT+0200 (heure d’été d’Europe centrale)
[debug] [2021-05-27T09:41:04.730Z] ----------------------------------------------------------------------
[debug] [2021-05-27T09:41:04.730Z] 
[debug] [2021-05-27T09:41:04.748Z] > command requires scopes: ["email","openid","https://www.googleapis.com/auth/cloudplatformprojects.readonly","https://www.googleapis.com/auth/firebase","https://www.googleapis.com/auth/cloud-platform"]
[debug] [2021-05-27T09:41:04.750Z] > authorizing via signed-in user
[debug] [2021-05-27T09:41:04.750Z] [iam] checking project arian-fitness-dev for permissions ["cloudfunctions.functions.create","cloudfunctions.functions.delete","cloudfunctions.functions.get","cloudfunctions.functions.list","cloudfunctions.functions.update","cloudfunctions.operations.get","firebase.projects.get"]
[debug] [2021-05-27T09:41:04.754Z] > refreshing access token with scopes: ["email","https://www.googleapis.com/auth/cloud-platform","https://www.googleapis.com/auth/cloudplatformprojects.readonly","https://www.googleapis.com/auth/firebase","openid"]
[debug] [2021-05-27T09:41:04.755Z] >>> HTTP REQUEST POST https://www.googleapis.com/oauth2/v3/token  
 <request body omitted>
[debug] [2021-05-27T09:41:12.944Z] <<< HTTP RESPONSE 200 {"cache-control":"no-cache, no-store, max-age=0, must-revalidate","expires":"Mon, 01 Jan 1990 00:00:00 GMT","date":"Thu, 27 May 2021 09:41:10 GMT","pragma":"no-cache","content-type":"application/json; charset=utf-8","vary":"X-Origin, Referer, Origin,Accept-Encoding","server":"scaffolding on HTTPServer2","x-xss-protection":"0","x-frame-options":"SAMEORIGIN","x-content-type-options":"nosniff","alt-svc":"h3-29=\":443\"; ma=2592000,h3-T051=\":443\"; ma=2592000,h3-Q050=\":443\"; ma=2592000,h3-Q046=\":443\"; ma=2592000,h3-Q043=\":443\"; ma=2592000,quic=\":443\"; ma=2592000; v=\"46,43\"","accept-ranges":"none","transfer-encoding":"chunked"}
[debug] [2021-05-27T09:41:12.959Z] >>> HTTP REQUEST POST https://cloudresourcemanager.googleapis.com/v1/projects/arian-fitness-dev:testIamPermissions  
 {"permissions":["cloudfunctions.functions.create","cloudfunctions.functions.delete","cloudfunctions.functions.get","cloudfunctions.functions.list","cloudfunctions.functions.update","cloudfunctions.operations.get","firebase.projects.get"]}
[debug] [2021-05-27T09:41:26.376Z] <<< HTTP RESPONSE 200 {"content-type":"application/json; charset=UTF-8","vary":"X-Origin, Referer, Origin,Accept-Encoding","date":"Thu, 27 May 2021 09:41:23 GMT","server":"ESF","cache-control":"private","x-xss-protection":"0","x-frame-options":"SAMEORIGIN","x-content-type-options":"nosniff","server-timing":"gfet4t7; dur=546","alt-svc":"h3-29=\":443\"; ma=2592000,h3-T051=\":443\"; ma=2592000,h3-Q050=\":443\"; ma=2592000,h3-Q046=\":443\"; ma=2592000,h3-Q043=\":443\"; ma=2592000,quic=\":443\"; ma=2592000; v=\"46,43\"","accept-ranges":"none","transfer-encoding":"chunked"}
[debug] [2021-05-27T09:41:26.379Z] >>> HTTP REQUEST POST https://iam.googleapis.com/v1/projects/arian-fitness-dev/serviceAccounts/arian-fitness-dev@appspot.gserviceaccount.com:testIamPermissions  
 {"permissions":["iam.serviceAccounts.actAs"]}
[debug] [2021-05-27T09:41:39.564Z] <<< HTTP RESPONSE 200 {"content-type":"application/json; charset=UTF-8","vary":"X-Origin, Referer, Origin,Accept-Encoding","date":"Thu, 27 May 2021 09:41:36 GMT","server":"ESF","cache-control":"private","x-xss-protection":"0","x-frame-options":"SAMEORIGIN","x-content-type-options":"nosniff","alt-svc":"h3-29=\":443\"; ma=2592000,h3-T051=\":443\"; ma=2592000,h3-Q050=\":443\"; ma=2592000,h3-Q046=\":443\"; ma=2592000,h3-Q043=\":443\"; ma=2592000,quic=\":443\"; ma=2592000; v=\"46,43\"","accept-ranges":"none","transfer-encoding":"chunked"}
[warn] !  functions: package.json indicates an outdated version of firebase-functions.
Please upgrade using npm install --save firebase-functions@latest in your functions directory. 
[info] 
[info] === Deploying to 'arian-fitness-dev'...
[info] 
[info] i  deploying functions 
[info] Running command: npm --prefix "$RESOURCE_DIR" run lint
[info] Running command: npm --prefix "$RESOURCE_DIR" run build
[info] +  functions: Finished running predeploy script. 
[info] i  functions: ensuring required API cloudfunctions.googleapis.com is enabled... 
[info] i  functions: ensuring required API cloudbuild.googleapis.com is enabled... 
[debug] [2021-05-27T09:42:20.078Z] >>> HTTP REQUEST GET https://serviceusage.googleapis.com/v1/projects/arian-fitness-dev/services/cloudfunctions.googleapis.com  
 
[debug] [2021-05-27T09:42:20.079Z] >>> HTTP REQUEST GET https://serviceusage.googleapis.com/v1/projects/arian-fitness-dev/services/runtimeconfig.googleapis.com  
 
[debug] [2021-05-27T09:42:20.080Z] >>> HTTP REQUEST GET https://serviceusage.googleapis.com/v1/projects/arian-fitness-dev/services/cloudbuild.googleapis.com  
 
[debug] [2021-05-27T09:42:22.794Z] <<< HTTP RESPONSE 200 {"content-type":"application/json; charset=UTF-8","vary":"X-Origin, Referer, Origin,Accept-Encoding","date":"Thu, 27 May 2021 09:42:22 GMT","server":"ESF","cache-control":"private","x-xss-protection":"0","x-frame-options":"SAMEORIGIN","x-content-type-options":"nosniff","alt-svc":"h3-29=\":443\"; ma=2592000,h3-T051=\":443\"; ma=2592000,h3-Q050=\":443\"; ma=2592000,h3-Q046=\":443\"; ma=2592000,h3-Q043=\":443\"; ma=2592000,quic=\":443\"; ma=2592000; v=\"46,43\"","accept-ranges":"none","transfer-encoding":"chunked"}
[debug] [2021-05-27T09:42:23.103Z] <<< HTTP RESPONSE 200 {"content-type":"application/json; charset=UTF-8","vary":"X-Origin, Referer, Origin,Accept-Encoding","date":"Thu, 27 May 2021 09:42:22 GMT","server":"ESF","cache-control":"private","x-xss-protection":"0","x-frame-options":"SAMEORIGIN","x-content-type-options":"nosniff","alt-svc":"h3-29=\":443\"; ma=2592000,h3-T051=\":443\"; ma=2592000,h3-Q050=\":443\"; ma=2592000,h3-Q046=\":443\"; ma=2592000,h3-Q043=\":443\"; ma=2592000,quic=\":443\"; ma=2592000; v=\"46,43\"","accept-ranges":"none","transfer-encoding":"chunked"}
[info] +  functions: required API cloudfunctions.googleapis.com is enabled 
[debug] [2021-05-27T09:42:23.166Z] <<< HTTP RESPONSE 200 {"content-type":"application/json; charset=UTF-8","vary":"X-Origin, Referer, Origin,Accept-Encoding","date":"Thu, 27 May 2021 09:42:22 GMT","server":"ESF","cache-control":"private","x-xss-protection":"0","x-frame-options":"SAMEORIGIN","x-content-type-options":"nosniff","alt-svc":"h3-29=\":443\"; ma=2592000,h3-T051=\":443\"; ma=2592000,h3-Q050=\":443\"; ma=2592000,h3-Q046=\":443\"; ma=2592000,h3-Q043=\":443\"; ma=2592000,quic=\":443\"; ma=2592000; v=\"46,43\"","accept-ranges":"none","transfer-encoding":"chunked"}
[info] +  functions: required API cloudbuild.googleapis.com is enabled 
[debug] [2021-05-27T09:42:23.170Z] >>> HTTP REQUEST GET https://firebase.googleapis.com/v1beta1/projects/arian-fitness-dev/adminSdkConfig  
 
[debug] [2021-05-27T09:42:23.973Z] <<< HTTP RESPONSE 200 {"content-type":"application/json; charset=UTF-8","vary":"X-Origin, Referer, Origin,Accept-Encoding","date":"Thu, 27 May 2021 09:42:23 GMT","server":"ESF","cache-control":"private","x-xss-protection":"0","x-frame-options":"SAMEORIGIN","x-content-type-options":"nosniff","alt-svc":"h3-29=\":443\"; ma=2592000,h3-T051=\":443\"; ma=2592000,h3-Q050=\":443\"; ma=2592000,h3-Q046=\":443\"; ma=2592000,h3-Q043=\":443\"; ma=2592000,quic=\":443\"; ma=2592000; v=\"46,43\"","accept-ranges":"none","transfer-encoding":"chunked"}
[info] i  functions: preparing functions directory for uploading... 
[debug] [2021-05-27T09:42:23.977Z] >>> HTTP REQUEST GET https://runtimeconfig.googleapis.com/v1beta1/projects/arian-fitness-dev/configs  
 
[debug] [2021-05-27T09:42:24.899Z] <<< HTTP RESPONSE 200 {"content-type":"application/json; charset=UTF-8","vary":"X-Origin, Referer, Origin,Accept-Encoding","date":"Thu, 27 May 2021 09:42:24 GMT","server":"ESF","cache-control":"private","x-xss-protection":"0","x-frame-options":"SAMEORIGIN","x-content-type-options":"nosniff","alt-svc":"h3-29=\":443\"; ma=2592000,h3-T051=\":443\"; ma=2592000,h3-Q050=\":443\"; ma=2592000,h3-Q046=\":443\"; ma=2592000,h3-Q043=\":443\"; ma=2592000,quic=\":443\"; ma=2592000; v=\"46,43\"","accept-ranges":"none","transfer-encoding":"chunked"}
[debug] [2021-05-27T09:42:24.901Z] >>> HTTP REQUEST GET https://runtimeconfig.googleapis.com/v1beta1/projects/arian-fitness-dev/configs/stripe/variables  
 
[debug] [2021-05-27T09:42:26.014Z] <<< HTTP RESPONSE 200 {"content-type":"application/json; charset=UTF-8","vary":"X-Origin, Referer, Origin,Accept-Encoding","date":"Thu, 27 May 2021 09:42:25 GMT","server":"ESF","cache-control":"private","x-xss-protection":"0","x-frame-options":"SAMEORIGIN","x-content-type-options":"nosniff","alt-svc":"h3-29=\":443\"; ma=2592000,h3-T051=\":443\"; ma=2592000,h3-Q050=\":443\"; ma=2592000,h3-Q046=\":443\"; ma=2592000,h3-Q043=\":443\"; ma=2592000,quic=\":443\"; ma=2592000; v=\"46,43\"","accept-ranges":"none","transfer-encoding":"chunked"}
[debug] [2021-05-27T09:42:26.018Z] >>> HTTP REQUEST GET https://runtimeconfig.googleapis.com/v1beta1/projects/arian-fitness-dev/configs/stripe/variables/token  
 
[debug] [2021-05-27T09:42:27.151Z] <<< HTTP RESPONSE 200 {"content-type":"application/json; charset=UTF-8","vary":"X-Origin, Referer, Origin,Accept-Encoding","date":"Thu, 27 May 2021 09:42:26 GMT","server":"ESF","cache-control":"private","x-xss-protection":"0","x-frame-options":"SAMEORIGIN","x-content-type-options":"nosniff","alt-svc":"h3-29=\":443\"; ma=2592000,h3-T051=\":443\"; ma=2592000,h3-Q050=\":443\"; ma=2592000,h3-Q046=\":443\"; ma=2592000,h3-Q043=\":443\"; ma=2592000,quic=\":443\"; ma=2592000; v=\"46,43\"","accept-ranges":"none","transfer-encoding":"chunked"}
[info] i  functions: packaged functions (80.25 KB) for uploading 
[debug] [2021-05-27T09:42:27.964Z] > [functions] package.json contents: {
  "name": "functions",
  "scripts": {
    "lint": "tslint --project tsconfig.json",
    "build": "tsc",
    "serve": "npm run build && firebase serve --only functions",
    "shell": "npm run build && firebase functions:shell",
    "start": "npm run shell",
    "deploy": "firebase deploy --only functions",
    "logs": "firebase functions:log"
  },
  "engines": {
    "node": "10"
  },
  "main": "lib/index.js",
  "dependencies": {
    "@google-cloud/firestore": "^3.7.5",
    "@google-cloud/storage": "^4.7.0",
    "child-process-promise": "^2.2.1",
    "firebase-admin": "^8.6.0",
    "firebase-functions": "^3.6.1",
    "fs-extra": "^10.0.0",
    "sharp": "^0.28.3",
    "stripe": "^8.49.0"
  },
  "devDependencies": {
    "firebase-functions-test": "^0.1.6",
    "tslint": "^5.12.0",
    "typescript": "^3.2.2"
  },
  "private": true
}
[debug] [2021-05-27T09:42:27.968Z] >>> HTTP REQUEST GET https://cloudfunctions.googleapis.com/v1/projects/arian-fitness-dev/locations/-/functions  
 
[debug] [2021-05-27T09:42:29.130Z] <<< HTTP RESPONSE 200 {"content-type":"application/json; charset=UTF-8","vary":"X-Origin, Referer, Origin,Accept-Encoding","date":"Thu, 27 May 2021 09:42:28 GMT","server":"ESF","cache-control":"private","x-xss-protection":"0","x-frame-options":"SAMEORIGIN","x-content-type-options":"nosniff","alt-svc":"h3-29=\":443\"; ma=2592000,h3-T051=\":443\"; ma=2592000,h3-Q050=\":443\"; ma=2592000,h3-Q046=\":443\"; ma=2592000,h3-Q043=\":443\"; ma=2592000,quic=\":443\"; ma=2592000; v=\"46,43\"","accept-ranges":"none","transfer-encoding":"chunked"}
[debug] [2021-05-27T09:42:29.132Z] >>> HTTP REQUEST POST https://cloudfunctions.googleapis.com/v1/projects/arian-fitness-dev/locations/us-central1/functions:generateUploadUrl  
 
[debug] [2021-05-27T09:42:30.325Z] <<< HTTP RESPONSE 200 {"content-type":"application/json; charset=UTF-8","vary":"X-Origin, Referer, Origin,Accept-Encoding","date":"Thu, 27 May 2021 09:42:30 GMT","server":"ESF","cache-control":"private","x-xss-protection":"0","x-frame-options":"SAMEORIGIN","x-content-type-options":"nosniff","alt-svc":"h3-29=\":443\"; ma=2592000,h3-T051=\":443\"; ma=2592000,h3-Q050=\":443\"; ma=2592000,h3-Q046=\":443\"; ma=2592000,h3-Q043=\":443\"; ma=2592000,quic=\":443\"; ma=2592000; v=\"46,43\"","accept-ranges":"none","transfer-encoding":"chunked"}
[debug] [2021-05-27T09:42:30.326Z] >>> HTTP REQUEST PUT https://storage.googleapis.com/gcf-upload-us-central1-09f89aa5-ee1f-4194-bfbc-bccebb40ab48/0b307639-ccae-41f6-b06d-4605a2ca38f3.zip?GoogleAccessId=service-19106791039@gcf-admin-robot.iam.gserviceaccount.com&Expires=1622110349&Signature=iqaux5DhPTh0lPBImLTCs6qZOLnZkisGB%2FladaCDB4dHC8aIB%2Faf00dySuQ5KPUxZR5zqsdAYmaNexYCW0i65NQ6mbGcKoQIgk9wdle01Gk2hUN2g%2BNFKAmWdSxv4IFa4jaGXe8AiY99yce1M9%2BD9NuQwNzt102vej6uFb0Tt9FlMk9a36Qc%2BqbQquxctNr8CbatBRfjt8%2F2us8O8mWdJT9%2F0xlrcRSQeoJw2re7EZ3oWtsetZGuQKaVCM0%2BgpLOx9AMDd%2BV5oNlfMfGPCQoIi2KIOaalU9GI%2FjippUriw6rTGn17r9vw%2F%2BRlrFAuyDUS8zt33LjTL0j%2FhObwF2tXg%3D%3D  
 <request body omitted>
[debug] [2021-05-27T09:42:32.025Z] <<< HTTP RESPONSE 200 {"x-guploader-uploadid":"ABg5-UxwL_7mC7ITP5a4nkU6qGdJcNt_xkbs1jN1IrvdDbRMhP2MZ2z_Wi6W4II-FgqskDkFzYJUDWU7hTXjaVus79E","etag":"\"0dfa70fabda13b2d1f30314e23259700\"","x-goog-generation":"1622108551751874","x-goog-metageneration":"1","x-goog-hash":"crc32c=3sodPQ==, md5=Dfpw+r2hOy0fMDFOIyWXAA==","x-goog-stored-content-length":"82174","x-goog-stored-content-encoding":"identity","vary":"Origin","content-length":"0","date":"Thu, 27 May 2021 09:42:31 GMT","server":"UploadServer","content-type":"text/html; charset=UTF-8","alt-svc":"h3-29=\":443\"; ma=2592000,h3-T051=\":443\"; ma=2592000,h3-Q050=\":443\"; ma=2592000,h3-Q046=\":443\"; ma=2592000,h3-Q043=\":443\"; ma=2592000,quic=\":443\"; ma=2592000; v=\"46,43\""}
[info] +  functions: functions folder uploaded successfully 
[info] 
The following functions are found in your project but do not exist in your local source code:
	generateThumbs(us-central1)
	senderTest(us-central1)
	stripeCharge(us-central1)

If you are renaming a function or changing its region, it is recommended that you create the new function first before deleting the old one to prevent event loss. For more info, visit https://firebase.google.com/docs/functions/manage-functions#modify

[info] i  functions: continuing with other deployments. 
[info] i  functions: creating Node.js 10 function generateThumbnails(us-central1)... 
[debug] [2021-05-27T09:42:36.503Z] >>> HTTP REQUEST POST https://cloudfunctions.googleapis.com/v1/projects/arian-fitness-dev/locations/us-central1/functions  
 {"sourceUploadUrl":"https://storage.googleapis.com/gcf-upload-us-central1-09f89aa5-ee1f-4194-bfbc-bccebb40ab48/0b307639-ccae-41f6-b06d-4605a2ca38f3.zip?GoogleAccessId=service-19106791039@gcf-admin-robot.iam.gserviceaccount.com&Expires=1622110349&Signature=iqaux5DhPTh0lPBImLTCs6qZOLnZkisGB%2FladaCDB4dHC8aIB%2Faf00dySuQ5KPUxZR5zqsdAYmaNexYCW0i65NQ6mbGcKoQIgk9wdle01Gk2hUN2g%2BNFKAmWdSxv4IFa4jaGXe8AiY99yce1M9%2BD9NuQwNzt102vej6uFb0Tt9FlMk9a36Qc%2BqbQquxctNr8CbatBRfjt8%2F2us8O8mWdJT9%2F0xlrcRSQeoJw2re7EZ3oWtsetZGuQKaVCM0%2BgpLOx9AMDd%2BV5oNlfMfGPCQoIi2KIOaalU9GI%2FjippUriw6rTGn17r9vw%2F%2BRlrFAuyDUS8zt33LjTL0j%2FhObwF2tXg%3D%3D","name":"projects/arian-fitness-dev/locations/us-central1/functions/generateThumbnails","entryPoint":"generateThumbnails","labels":{"deployment-tool":"cli-firebase"},"runtime":"nodejs10","environmentVariables":{"FIREBASE_CONFIG":"{\"projectId\":\"arian-fitness-dev\",\"databaseURL\":\"https://arian-fitness-dev.firebaseio.com\",\"storageBucket\":\"arian-fitness-dev.appspot.com\",\"locationId\":\"europe-west\"}"},"eventTrigger":{"resource":"projects/_/buckets/arian-fitness-dev.appspot.com","eventType":"google.storage.object.finalize","service":"storage.googleapis.com"}}
[debug] [2021-05-27T09:42:37.498Z] <<< HTTP RESPONSE 200 {"content-type":"application/json; charset=UTF-8","vary":"X-Origin, Referer, Origin,Accept-Encoding","date":"Thu, 27 May 2021 09:42:37 GMT","server":"ESF","cache-control":"private","x-xss-protection":"0","x-frame-options":"SAMEORIGIN","x-content-type-options":"nosniff","alt-svc":"h3-29=\":443\"; ma=2592000,h3-T051=\":443\"; ma=2592000,h3-Q050=\":443\"; ma=2592000,h3-Q046=\":443\"; ma=2592000,h3-Q043=\":443\"; ma=2592000,quic=\":443\"; ma=2592000; v=\"46,43\"","accept-ranges":"none","transfer-encoding":"chunked"}
[debug] [2021-05-27T09:42:37.503Z] > refreshing access token with scopes: []
[debug] [2021-05-27T09:42:37.504Z] >>> HTTP REQUEST POST https://www.googleapis.com/oauth2/v3/token  
 <request body omitted>
[debug] [2021-05-27T09:42:38.055Z] <<< HTTP RESPONSE 200 {"date":"Thu, 27 May 2021 09:42:37 GMT","expires":"Mon, 01 Jan 1990 00:00:00 GMT","cache-control":"no-cache, no-store, max-age=0, must-revalidate","pragma":"no-cache","content-type":"application/json; charset=utf-8","vary":"X-Origin, Referer, Origin,Accept-Encoding","server":"scaffolding on HTTPServer2","x-xss-protection":"0","x-frame-options":"SAMEORIGIN","x-content-type-options":"nosniff","alt-svc":"h3-29=\":443\"; ma=2592000,h3-T051=\":443\"; ma=2592000,h3-Q050=\":443\"; ma=2592000,h3-Q046=\":443\"; ma=2592000,h3-Q043=\":443\"; ma=2592000,quic=\":443\"; ma=2592000; v=\"46,43\"","accept-ranges":"none","transfer-encoding":"chunked"}
[debug] [2021-05-27T09:42:38.079Z] >>> [apiv2][query] GET https://cloudfunctions.googleapis.com/v1/operations/YXJpYW4tZml0bmVzcy1kZXYvdXMtY2VudHJhbDEvZ2VuZXJhdGVUaHVtYm5haWxzL1IzTUUtS1E3YXp3 [none]
[debug] [2021-05-27T09:42:38.677Z] <<< [apiv2][status] GET https://cloudfunctions.googleapis.com/v1/operations/YXJpYW4tZml0bmVzcy1kZXYvdXMtY2VudHJhbDEvZ2VuZXJhdGVUaHVtYm5haWxzL1IzTUUtS1E3YXp3 200
[debug] [2021-05-27T09:42:38.677Z] <<< [apiv2][body] GET https://cloudfunctions.googleapis.com/v1/operations/YXJpYW4tZml0bmVzcy1kZXYvdXMtY2VudHJhbDEvZ2VuZXJhdGVUaHVtYm5haWxzL1IzTUUtS1E3YXp3 {"name":"operations/YXJpYW4tZml0bmVzcy1kZXYvdXMtY2VudHJhbDEvZ2VuZXJhdGVUaHVtYm5haWxzL1IzTUUtS1E3YXp3","metadata":{"@type":"type.googleapis.com/google.cloud.functions.v1.OperationMetadataV1","target":"projects/arian-fitness-dev/locations/us-central1/functions/generateThumbnails","type":"CREATE_FUNCTION","request":{"@type":"type.googleapis.com/google.cloud.functions.v1.CloudFunction","name":"projects/arian-fitness-dev/locations/us-central1/functions/generateThumbnails","eventTrigger":{"eventType":"google.storage.object.finalize","resource":"projects/_/buckets/arian-fitness-dev.appspot.com","service":"storage.googleapis.com"},"entryPoint":"generateThumbnails","labels":{"deployment-tool":"cli-firebase"},"sourceUploadUrl":"https://storage.googleapis.com/gcf-upload-us-central1-09f89aa5-ee1f-4194-bfbc-bccebb40ab48/0b307639-ccae-41f6-b06d-4605a2ca38f3.zip?GoogleAccessId=service-19106791039@gcf-admin-robot.iam.gserviceaccount.com&Expires=1622110349&Signature=iqaux5DhPTh0lPBImLTCs6qZOLnZkisGB%2FladaCDB4dHC8aIB%2Faf00dySuQ5KPUxZR5zqsdAYmaNexYCW0i65NQ6mbGcKoQIgk9wdle01Gk2hUN2g%2BNFKAmWdSxv4IFa4jaGXe8AiY99yce1M9%2BD9NuQwNzt102vej6uFb0Tt9FlMk9a36Qc%2BqbQquxctNr8CbatBRfjt8%2F2us8O8mWdJT9%2F0xlrcRSQeoJw2re7EZ3oWtsetZGuQKaVCM0%2BgpLOx9AMDd%2BV5oNlfMfGPCQoIi2KIOaalU9GI%2FjippUriw6rTGn17r9vw%2F%2BRlrFAuyDUS8zt33LjTL0j%2FhObwF2tXg%3D%3D","environmentVariables":{"FIREBASE_CONFIG":"{\"projectId\":\"arian-fitness-dev\",\"databaseURL\":\"https://arian-fitness-dev.firebaseio.com\",\"storageBucket\":\"arian-fitness-dev.appspot.com\",\"locationId\":\"europe-west\"}"},"runtime":"nodejs10"},"versionId":"1","updateTime":"2021-05-27T09:42:37Z","buildId":"b484170b-e68f-4230-8c96-a683785539e1","buildName":"projects/19106791039/locations/us-central1/builds/b484170b-e68f-4230-8c96-a683785539e1"}}
[debug] [2021-05-27T09:42:39.188Z] [create-projects/arian-fitness-dev/locations/us-central1/functions/generateThumbnails] Retrying task index 0
[debug] [2021-05-27T09:42:39.188Z] >>> [apiv2][query] GET https://cloudfunctions.googleapis.com/v1/operations/YXJpYW4tZml0bmVzcy1kZXYvdXMtY2VudHJhbDEvZ2VuZXJhdGVUaHVtYm5haWxzL1IzTUUtS1E3YXp3 [none]
[debug] [2021-05-27T09:42:39.917Z] <<< [apiv2][status] GET https://cloudfunctions.googleapis.com/v1/operations/YXJpYW4tZml0bmVzcy1kZXYvdXMtY2VudHJhbDEvZ2VuZXJhdGVUaHVtYm5haWxzL1IzTUUtS1E3YXp3 200
[debug] [2021-05-27T09:42:39.917Z] <<< [apiv2][body] GET https://cloudfunctions.googleapis.com/v1/operations/YXJpYW4tZml0bmVzcy1kZXYvdXMtY2VudHJhbDEvZ2VuZXJhdGVUaHVtYm5haWxzL1IzTUUtS1E3YXp3 {"name":"operations/YXJpYW4tZml0bmVzcy1kZXYvdXMtY2VudHJhbDEvZ2VuZXJhdGVUaHVtYm5haWxzL1IzTUUtS1E3YXp3","metadata":{"@type":"type.googleapis.com/google.cloud.functions.v1.OperationMetadataV1","target":"projects/arian-fitness-dev/locations/us-central1/functions/generateThumbnails","type":"CREATE_FUNCTION","request":{"@type":"type.googleapis.com/google.cloud.functions.v1.CloudFunction","name":"projects/arian-fitness-dev/locations/us-central1/functions/generateThumbnails","eventTrigger":{"eventType":"google.storage.object.finalize","resource":"projects/_/buckets/arian-fitness-dev.appspot.com","service":"storage.googleapis.com"},"entryPoint":"generateThumbnails","labels":{"deployment-tool":"cli-firebase"},"sourceUploadUrl":"https://storage.googleapis.com/gcf-upload-us-central1-09f89aa5-ee1f-4194-bfbc-bccebb40ab48/0b307639-ccae-41f6-b06d-4605a2ca38f3.zip?GoogleAccessId=service-19106791039@gcf-admin-robot.iam.gserviceaccount.com&Expires=1622110349&Signature=iqaux5DhPTh0lPBImLTCs6qZOLnZkisGB%2FladaCDB4dHC8aIB%2Faf00dySuQ5KPUxZR5zqsdAYmaNexYCW0i65NQ6mbGcKoQIgk9wdle01Gk2hUN2g%2BNFKAmWdSxv4IFa4jaGXe8AiY99yce1M9%2BD9NuQwNzt102vej6uFb0Tt9FlMk9a36Qc%2BqbQquxctNr8CbatBRfjt8%2F2us8O8mWdJT9%2F0xlrcRSQeoJw2re7EZ3oWtsetZGuQKaVCM0%2BgpLOx9AMDd%2BV5oNlfMfGPCQoIi2KIOaalU9GI%2FjippUriw6rTGn17r9vw%2F%2BRlrFAuyDUS8zt33LjTL0j%2FhObwF2tXg%3D%3D","environmentVariables":{"FIREBASE_CONFIG":"{\"projectId\":\"arian-fitness-dev\",\"databaseURL\":\"https://arian-fitness-dev.firebaseio.com\",\"storageBucket\":\"arian-fitness-dev.appspot.com\",\"locationId\":\"europe-west\"}"},"runtime":"nodejs10"},"versionId":"1","updateTime":"2021-05-27T09:42:37Z","buildId":"b484170b-e68f-4230-8c96-a683785539e1","buildName":"projects/19106791039/locations/us-central1/builds/b484170b-e68f-4230-8c96-a683785539e1"}}
[debug] [2021-05-27T09:42:40.918Z] [create-projects/arian-fitness-dev/locations/us-central1/functions/generateThumbnails] Retrying task index 0
[debug] [2021-05-27T09:42:40.919Z] >>> [apiv2][query] GET https://cloudfunctions.googleapis.com/v1/operations/YXJpYW4tZml0bmVzcy1kZXYvdXMtY2VudHJhbDEvZ2VuZXJhdGVUaHVtYm5haWxzL1IzTUUtS1E3YXp3 [none]
[debug] [2021-05-27T09:42:42.493Z] <<< [apiv2][status] GET https://cloudfunctions.googleapis.com/v1/operations/YXJpYW4tZml0bmVzcy1kZXYvdXMtY2VudHJhbDEvZ2VuZXJhdGVUaHVtYm5haWxzL1IzTUUtS1E3YXp3 200
[debug] [2021-05-27T09:42:42.494Z] <<< [apiv2][body] GET https://cloudfunctions.googleapis.com/v1/operations/YXJpYW4tZml0bmVzcy1kZXYvdXMtY2VudHJhbDEvZ2VuZXJhdGVUaHVtYm5haWxzL1IzTUUtS1E3YXp3 {"name":"operations/YXJpYW4tZml0bmVzcy1kZXYvdXMtY2VudHJhbDEvZ2VuZXJhdGVUaHVtYm5haWxzL1IzTUUtS1E3YXp3","metadata":{"@type":"type.googleapis.com/google.cloud.functions.v1.OperationMetadataV1","target":"projects/arian-fitness-dev/locations/us-central1/functions/generateThumbnails","type":"CREATE_FUNCTION","request":{"@type":"type.googleapis.com/google.cloud.functions.v1.CloudFunction","name":"projects/arian-fitness-dev/locations/us-central1/functions/generateThumbnails","eventTrigger":{"eventType":"google.storage.object.finalize","resource":"projects/_/buckets/arian-fitness-dev.appspot.com","service":"storage.googleapis.com"},"entryPoint":"generateThumbnails","labels":{"deployment-tool":"cli-firebase"},"sourceUploadUrl":"https://storage.googleapis.com/gcf-upload-us-central1-09f89aa5-ee1f-4194-bfbc-bccebb40ab48/0b307639-ccae-41f6-b06d-4605a2ca38f3.zip?GoogleAccessId=service-19106791039@gcf-admin-robot.iam.gserviceaccount.com&Expires=1622110349&Signature=iqaux5DhPTh0lPBImLTCs6qZOLnZkisGB%2FladaCDB4dHC8aIB%2Faf00dySuQ5KPUxZR5zqsdAYmaNexYCW0i65NQ6mbGcKoQIgk9wdle01Gk2hUN2g%2BNFKAmWdSxv4IFa4jaGXe8AiY99yce1M9%2BD9NuQwNzt102vej6uFb0Tt9FlMk9a36Qc%2BqbQquxctNr8CbatBRfjt8%2F2us8O8mWdJT9%2F0xlrcRSQeoJw2re7EZ3oWtsetZGuQKaVCM0%2BgpLOx9AMDd%2BV5oNlfMfGPCQoIi2KIOaalU9GI%2FjippUriw6rTGn17r9vw%2F%2BRlrFAuyDUS8zt33LjTL0j%2FhObwF2tXg%3D%3D","environmentVariables":{"FIREBASE_CONFIG":"{\"projectId\":\"arian-fitness-dev\",\"databaseURL\":\"https://arian-fitness-dev.firebaseio.com\",\"storageBucket\":\"arian-fitness-dev.appspot.com\",\"locationId\":\"europe-west\"}"},"runtime":"nodejs10"},"versionId":"1","updateTime":"2021-05-27T09:42:37Z","buildId":"b484170b-e68f-4230-8c96-a683785539e1","buildName":"projects/19106791039/locations/us-central1/builds/b484170b-e68f-4230-8c96-a683785539e1"}}
[debug] [2021-05-27T09:42:44.507Z] [create-projects/arian-fitness-dev/locations/us-central1/functions/generateThumbnails] Retrying task index 0
[debug] [2021-05-27T09:42:44.508Z] >>> [apiv2][query] GET https://cloudfunctions.googleapis.com/v1/operations/YXJpYW4tZml0bmVzcy1kZXYvdXMtY2VudHJhbDEvZ2VuZXJhdGVUaHVtYm5haWxzL1IzTUUtS1E3YXp3 [none]
[debug] [2021-05-27T09:42:45.227Z] <<< [apiv2][status] GET https://cloudfunctions.googleapis.com/v1/operations/YXJpYW4tZml0bmVzcy1kZXYvdXMtY2VudHJhbDEvZ2VuZXJhdGVUaHVtYm5haWxzL1IzTUUtS1E3YXp3 200
[debug] [2021-05-27T09:42:45.228Z] <<< [apiv2][body] GET https://cloudfunctions.googleapis.com/v1/operations/YXJpYW4tZml0bmVzcy1kZXYvdXMtY2VudHJhbDEvZ2VuZXJhdGVUaHVtYm5haWxzL1IzTUUtS1E3YXp3 {"name":"operations/YXJpYW4tZml0bmVzcy1kZXYvdXMtY2VudHJhbDEvZ2VuZXJhdGVUaHVtYm5haWxzL1IzTUUtS1E3YXp3","metadata":{"@type":"type.googleapis.com/google.cloud.functions.v1.OperationMetadataV1","target":"projects/arian-fitness-dev/locations/us-central1/functions/generateThumbnails","type":"CREATE_FUNCTION","request":{"@type":"type.googleapis.com/google.cloud.functions.v1.CloudFunction","name":"projects/arian-fitness-dev/locations/us-central1/functions/generateThumbnails","eventTrigger":{"eventType":"google.storage.object.finalize","resource":"projects/_/buckets/arian-fitness-dev.appspot.com","service":"storage.googleapis.com"},"entryPoint":"generateThumbnails","labels":{"deployment-tool":"cli-firebase"},"sourceUploadUrl":"https://storage.googleapis.com/gcf-upload-us-central1-09f89aa5-ee1f-4194-bfbc-bccebb40ab48/0b307639-ccae-41f6-b06d-4605a2ca38f3.zip?GoogleAccessId=service-19106791039@gcf-admin-robot.iam.gserviceaccount.com&Expires=1622110349&Signature=iqaux5DhPTh0lPBImLTCs6qZOLnZkisGB%2FladaCDB4dHC8aIB%2Faf00dySuQ5KPUxZR5zqsdAYmaNexYCW0i65NQ6mbGcKoQIgk9wdle01Gk2hUN2g%2BNFKAmWdSxv4IFa4jaGXe8AiY99yce1M9%2BD9NuQwNzt102vej6uFb0Tt9FlMk9a36Qc%2BqbQquxctNr8CbatBRfjt8%2F2us8O8mWdJT9%2F0xlrcRSQeoJw2re7EZ3oWtsetZGuQKaVCM0%2BgpLOx9AMDd%2BV5oNlfMfGPCQoIi2KIOaalU9GI%2FjippUriw6rTGn17r9vw%2F%2BRlrFAuyDUS8zt33LjTL0j%2FhObwF2tXg%3D%3D","environmentVariables":{"FIREBASE_CONFIG":"{\"projectId\":\"arian-fitness-dev\",\"databaseURL\":\"https://arian-fitness-dev.firebaseio.com\",\"storageBucket\":\"arian-fitness-dev.appspot.com\",\"locationId\":\"europe-west\"}"},"runtime":"nodejs10"},"versionId":"1","updateTime":"2021-05-27T09:42:37Z","buildId":"b484170b-e68f-4230-8c96-a683785539e1","buildName":"projects/19106791039/locations/us-central1/builds/b484170b-e68f-4230-8c96-a683785539e1"}}
[debug] [2021-05-27T09:42:49.230Z] [create-projects/arian-fitness-dev/locations/us-central1/functions/generateThumbnails] Retrying task index 0
[debug] [2021-05-27T09:42:49.230Z] >>> [apiv2][query] GET https://cloudfunctions.googleapis.com/v1/operations/YXJpYW4tZml0bmVzcy1kZXYvdXMtY2VudHJhbDEvZ2VuZXJhdGVUaHVtYm5haWxzL1IzTUUtS1E3YXp3 [none]
[debug] [2021-05-27T09:42:50.075Z] <<< [apiv2][status] GET https://cloudfunctions.googleapis.com/v1/operations/YXJpYW4tZml0bmVzcy1kZXYvdXMtY2VudHJhbDEvZ2VuZXJhdGVUaHVtYm5haWxzL1IzTUUtS1E3YXp3 200
[debug] [2021-05-27T09:42:50.076Z] <<< [apiv2][body] GET https://cloudfunctions.googleapis.com/v1/operations/YXJpYW4tZml0bmVzcy1kZXYvdXMtY2VudHJhbDEvZ2VuZXJhdGVUaHVtYm5haWxzL1IzTUUtS1E3YXp3 {"name":"operations/YXJpYW4tZml0bmVzcy1kZXYvdXMtY2VudHJhbDEvZ2VuZXJhdGVUaHVtYm5haWxzL1IzTUUtS1E3YXp3","metadata":{"@type":"type.googleapis.com/google.cloud.functions.v1.OperationMetadataV1","target":"projects/arian-fitness-dev/locations/us-central1/functions/generateThumbnails","type":"CREATE_FUNCTION","request":{"@type":"type.googleapis.com/google.cloud.functions.v1.CloudFunction","name":"projects/arian-fitness-dev/locations/us-central1/functions/generateThumbnails","eventTrigger":{"eventType":"google.storage.object.finalize","resource":"projects/_/buckets/arian-fitness-dev.appspot.com","service":"storage.googleapis.com"},"entryPoint":"generateThumbnails","labels":{"deployment-tool":"cli-firebase"},"sourceUploadUrl":"https://storage.googleapis.com/gcf-upload-us-central1-09f89aa5-ee1f-4194-bfbc-bccebb40ab48/0b307639-ccae-41f6-b06d-4605a2ca38f3.zip?GoogleAccessId=service-19106791039@gcf-admin-robot.iam.gserviceaccount.com&Expires=1622110349&Signature=iqaux5DhPTh0lPBImLTCs6qZOLnZkisGB%2FladaCDB4dHC8aIB%2Faf00dySuQ5KPUxZR5zqsdAYmaNexYCW0i65NQ6mbGcKoQIgk9wdle01Gk2hUN2g%2BNFKAmWdSxv4IFa4jaGXe8AiY99yce1M9%2BD9NuQwNzt102vej6uFb0Tt9FlMk9a36Qc%2BqbQquxctNr8CbatBRfjt8%2F2us8O8mWdJT9%2F0xlrcRSQeoJw2re7EZ3oWtsetZGuQKaVCM0%2BgpLOx9AMDd%2BV5oNlfMfGPCQoIi2KIOaalU9GI%2FjippUriw6rTGn17r9vw%2F%2BRlrFAuyDUS8zt33LjTL0j%2FhObwF2tXg%3D%3D","environmentVariables":{"FIREBASE_CONFIG":"{\"projectId\":\"arian-fitness-dev\",\"databaseURL\":\"https://arian-fitness-dev.firebaseio.com\",\"storageBucket\":\"arian-fitness-dev.appspot.com\",\"locationId\":\"europe-west\"}"},"runtime":"nodejs10"},"versionId":"1","updateTime":"2021-05-27T09:42:37Z","buildId":"b484170b-e68f-4230-8c96-a683785539e1","buildName":"projects/19106791039/locations/us-central1/builds/b484170b-e68f-4230-8c96-a683785539e1"}}
[debug] [2021-05-27T09:42:58.077Z] [create-projects/arian-fitness-dev/locations/us-central1/functions/generateThumbnails] Retrying task index 0
[debug] [2021-05-27T09:42:58.078Z] >>> [apiv2][query] GET https://cloudfunctions.googleapis.com/v1/operations/YXJpYW4tZml0bmVzcy1kZXYvdXMtY2VudHJhbDEvZ2VuZXJhdGVUaHVtYm5haWxzL1IzTUUtS1E3YXp3 [none]
[debug] [2021-05-27T09:42:58.645Z] <<< [apiv2][status] GET https://cloudfunctions.googleapis.com/v1/operations/YXJpYW4tZml0bmVzcy1kZXYvdXMtY2VudHJhbDEvZ2VuZXJhdGVUaHVtYm5haWxzL1IzTUUtS1E3YXp3 200
[debug] [2021-05-27T09:42:58.645Z] <<< [apiv2][body] GET https://cloudfunctions.googleapis.com/v1/operations/YXJpYW4tZml0bmVzcy1kZXYvdXMtY2VudHJhbDEvZ2VuZXJhdGVUaHVtYm5haWxzL1IzTUUtS1E3YXp3 {"name":"operations/YXJpYW4tZml0bmVzcy1kZXYvdXMtY2VudHJhbDEvZ2VuZXJhdGVUaHVtYm5haWxzL1IzTUUtS1E3YXp3","metadata":{"@type":"type.googleapis.com/google.cloud.functions.v1.OperationMetadataV1","target":"projects/arian-fitness-dev/locations/us-central1/functions/generateThumbnails","type":"CREATE_FUNCTION","request":{"@type":"type.googleapis.com/google.cloud.functions.v1.CloudFunction","name":"projects/arian-fitness-dev/locations/us-central1/functions/generateThumbnails","eventTrigger":{"eventType":"google.storage.object.finalize","resource":"projects/_/buckets/arian-fitness-dev.appspot.com","service":"storage.googleapis.com"},"entryPoint":"generateThumbnails","labels":{"deployment-tool":"cli-firebase"},"sourceUploadUrl":"https://storage.googleapis.com/gcf-upload-us-central1-09f89aa5-ee1f-4194-bfbc-bccebb40ab48/0b307639-ccae-41f6-b06d-4605a2ca38f3.zip?GoogleAccessId=service-19106791039@gcf-admin-robot.iam.gserviceaccount.com&Expires=1622110349&Signature=iqaux5DhPTh0lPBImLTCs6qZOLnZkisGB%2FladaCDB4dHC8aIB%2Faf00dySuQ5KPUxZR5zqsdAYmaNexYCW0i65NQ6mbGcKoQIgk9wdle01Gk2hUN2g%2BNFKAmWdSxv4IFa4jaGXe8AiY99yce1M9%2BD9NuQwNzt102vej6uFb0Tt9FlMk9a36Qc%2BqbQquxctNr8CbatBRfjt8%2F2us8O8mWdJT9%2F0xlrcRSQeoJw2re7EZ3oWtsetZGuQKaVCM0%2BgpLOx9AMDd%2BV5oNlfMfGPCQoIi2KIOaalU9GI%2FjippUriw6rTGn17r9vw%2F%2BRlrFAuyDUS8zt33LjTL0j%2FhObwF2tXg%3D%3D","environmentVariables":{"FIREBASE_CONFIG":"{\"projectId\":\"arian-fitness-dev\",\"databaseURL\":\"https://arian-fitness-dev.firebaseio.com\",\"storageBucket\":\"arian-fitness-dev.appspot.com\",\"locationId\":\"europe-west\"}"},"runtime":"nodejs10"},"versionId":"1","updateTime":"2021-05-27T09:42:37Z","buildId":"b484170b-e68f-4230-8c96-a683785539e1","buildName":"projects/19106791039/locations/us-central1/builds/b484170b-e68f-4230-8c96-a683785539e1"}}
[debug] [2021-05-27T09:43:14.660Z] [create-projects/arian-fitness-dev/locations/us-central1/functions/generateThumbnails] Retrying task index 0
[debug] [2021-05-27T09:43:14.660Z] >>> [apiv2][query] GET https://cloudfunctions.googleapis.com/v1/operations/YXJpYW4tZml0bmVzcy1kZXYvdXMtY2VudHJhbDEvZ2VuZXJhdGVUaHVtYm5haWxzL1IzTUUtS1E3YXp3 [none]
[debug] [2021-05-27T09:43:15.458Z] <<< [apiv2][status] GET https://cloudfunctions.googleapis.com/v1/operations/YXJpYW4tZml0bmVzcy1kZXYvdXMtY2VudHJhbDEvZ2VuZXJhdGVUaHVtYm5haWxzL1IzTUUtS1E3YXp3 200
[debug] [2021-05-27T09:43:15.458Z] <<< [apiv2][body] GET https://cloudfunctions.googleapis.com/v1/operations/YXJpYW4tZml0bmVzcy1kZXYvdXMtY2VudHJhbDEvZ2VuZXJhdGVUaHVtYm5haWxzL1IzTUUtS1E3YXp3 {"name":"operations/YXJpYW4tZml0bmVzcy1kZXYvdXMtY2VudHJhbDEvZ2VuZXJhdGVUaHVtYm5haWxzL1IzTUUtS1E3YXp3","metadata":{"@type":"type.googleapis.com/google.cloud.functions.v1.OperationMetadataV1","target":"projects/arian-fitness-dev/locations/us-central1/functions/generateThumbnails","type":"CREATE_FUNCTION","request":{"@type":"type.googleapis.com/google.cloud.functions.v1.CloudFunction","name":"projects/arian-fitness-dev/locations/us-central1/functions/generateThumbnails","eventTrigger":{"eventType":"google.storage.object.finalize","resource":"projects/_/buckets/arian-fitness-dev.appspot.com","service":"storage.googleapis.com"},"entryPoint":"generateThumbnails","labels":{"deployment-tool":"cli-firebase"},"sourceUploadUrl":"https://storage.googleapis.com/gcf-upload-us-central1-09f89aa5-ee1f-4194-bfbc-bccebb40ab48/0b307639-ccae-41f6-b06d-4605a2ca38f3.zip?GoogleAccessId=service-19106791039@gcf-admin-robot.iam.gserviceaccount.com&Expires=1622110349&Signature=iqaux5DhPTh0lPBImLTCs6qZOLnZkisGB%2FladaCDB4dHC8aIB%2Faf00dySuQ5KPUxZR5zqsdAYmaNexYCW0i65NQ6mbGcKoQIgk9wdle01Gk2hUN2g%2BNFKAmWdSxv4IFa4jaGXe8AiY99yce1M9%2BD9NuQwNzt102vej6uFb0Tt9FlMk9a36Qc%2BqbQquxctNr8CbatBRfjt8%2F2us8O8mWdJT9%2F0xlrcRSQeoJw2re7EZ3oWtsetZGuQKaVCM0%2BgpLOx9AMDd%2BV5oNlfMfGPCQoIi2KIOaalU9GI%2FjippUriw6rTGn17r9vw%2F%2BRlrFAuyDUS8zt33LjTL0j%2FhObwF2tXg%3D%3D","environmentVariables":{"FIREBASE_CONFIG":"{\"projectId\":\"arian-fitness-dev\",\"databaseURL\":\"https://arian-fitness-dev.firebaseio.com\",\"storageBucket\":\"arian-fitness-dev.appspot.com\",\"locationId\":\"europe-west\"}"},"runtime":"nodejs10"},"versionId":"1","updateTime":"2021-05-27T09:42:37Z","buildId":"b484170b-e68f-4230-8c96-a683785539e1","buildName":"projects/19106791039/locations/us-central1/builds/b484170b-e68f-4230-8c96-a683785539e1"}}
[debug] [2021-05-27T09:43:47.475Z] [create-projects/arian-fitness-dev/locations/us-central1/functions/generateThumbnails] Retrying task index 0
[debug] [2021-05-27T09:43:47.476Z] >>> [apiv2][query] GET https://cloudfunctions.googleapis.com/v1/operations/YXJpYW4tZml0bmVzcy1kZXYvdXMtY2VudHJhbDEvZ2VuZXJhdGVUaHVtYm5haWxzL1IzTUUtS1E3YXp3 [none]
