[debug] [2021-06-03T15:41:48.861Z] ----------------------------------------------------------------------
[debug] [2021-06-03T15:41:48.865Z] Command:       C:\Program Files\nodejs\node.exe C:\Users\cbanz\AppData\Roaming\npm\node_modules\firebase-tools\lib\bin\firebase.js deploy
[debug] [2021-06-03T15:41:48.866Z] CLI Version:   9.6.0
[debug] [2021-06-03T15:41:48.866Z] Platform:      win32
[debug] [2021-06-03T15:41:48.866Z] Node Version:  v14.8.0
[debug] [2021-06-03T15:41:48.877Z] Time:          Thu Jun 03 2021 17:41:48 GMT+0200 (heure d’été d’Europe centrale)
[debug] [2021-06-03T15:41:48.878Z] ----------------------------------------------------------------------
[debug] [2021-06-03T15:41:48.878Z] 
[debug] [2021-06-03T15:41:48.883Z] >>> [apiv2][query] GET https://firebase-public.firebaseio.com/cli.json [none]
[debug] [2021-06-03T15:41:48.916Z] > command requires scopes: ["email","openid","https://www.googleapis.com/auth/cloudplatformprojects.readonly","https://www.googleapis.com/auth/firebase","https://www.googleapis.com/auth/cloud-platform"]
[debug] [2021-06-03T15:41:48.918Z] > authorizing via signed-in user
[debug] [2021-06-03T15:41:48.918Z] [iam] checking project arian-fitness for permissions ["cloudfunctions.functions.create","cloudfunctions.functions.delete","cloudfunctions.functions.get","cloudfunctions.functions.list","cloudfunctions.functions.update","cloudfunctions.operations.get","firebase.projects.get","firebasehosting.sites.update"]
[debug] [2021-06-03T15:41:48.920Z] > refreshing access token with scopes: ["email","https://www.googleapis.com/auth/cloud-platform","https://www.googleapis.com/auth/cloudplatformprojects.readonly","https://www.googleapis.com/auth/firebase","openid"]
[debug] [2021-06-03T15:41:48.920Z] >>> HTTP REQUEST POST https://www.googleapis.com/oauth2/v3/token  
 <request body omitted>
[debug] [2021-06-03T15:41:48.954Z] [iam] error while checking permissions, command may fail: FirebaseError: Authentication Error: Your credentials are no longer valid. Please run firebase login --reauth

For CI servers and headless environments, generate a new token with firebase login:ci
[debug] [2021-06-03T15:41:48.954Z] > refreshing access token with scopes: ["email","https://www.googleapis.com/auth/cloud-platform","https://www.googleapis.com/auth/cloudplatformprojects.readonly","https://www.googleapis.com/auth/firebase","openid"]
[debug] [2021-06-03T15:41:48.955Z] >>> HTTP REQUEST POST https://www.googleapis.com/oauth2/v3/token  
 <request body omitted>
[debug] [2021-06-03T15:41:48.970Z] [functions] service account IAM check errored, deploy may fail: Authentication Error: Your credentials are no longer valid. Please run firebase login --reauth

For CI servers and headless environments, generate a new token with firebase login:ci {"name":"FirebaseError","children":[],"exit":1,"message":"Authentication Error: Your credentials are no longer valid. Please run \u001b[1mfirebase login --reauth\u001b[22m\n\nFor CI servers and headless environments, generate a new token with \u001b[1mfirebase login:ci\u001b[22m","status":500}
[debug] [2021-06-03T15:41:48.971Z] > refreshing access token with scopes: []
[debug] [2021-06-03T15:41:48.972Z] >>> HTTP REQUEST POST https://www.googleapis.com/oauth2/v3/token  
 <request body omitted>
[debug] [2021-06-03T15:41:48.976Z] Authentication Error: Your credentials are no longer valid. Please run firebase login --reauth

For CI servers and headless environments, generate a new token with firebase login:ci
[debug] [2021-06-03T15:41:48.979Z] FirebaseError: Authentication Error: Your credentials are no longer valid. Please run firebase login --reauth

For CI servers and headless environments, generate a new token with firebase login:ci
    at invalidCredentialError (C:\Users\cbanz\AppData\Roaming\npm\node_modules\firebase-tools\lib\auth.js:26:12)
    at refreshTokens (C:\Users\cbanz\AppData\Roaming\npm\node_modules\firebase-tools\lib\auth.js:297:15)
    at processTicksAndRejections (internal/process/task_queues.js:93:5)
    at async Client.getAccessToken (C:\Users\cbanz\AppData\Roaming\npm\node_modules\firebase-tools\lib\apiv2.js:144:23)
    at async Client.addAuthHeader (C:\Users\cbanz\AppData\Roaming\npm\node_modules\firebase-tools\lib\apiv2.js:135:21)
    at async Client.request (C:\Users\cbanz\AppData\Roaming\npm\node_modules\firebase-tools\lib\apiv2.js:93:34)
    at async Object.getFirebaseProject (C:\Users\cbanz\AppData\Roaming\npm\node_modules\firebase-tools\lib\management\projects.js:289:21)
    at async Object.getDefaultHostingSite (C:\Users\cbanz\AppData\Roaming\npm\node_modules\firebase-tools\lib\getDefaultHostingSite.js:8:21)
    at async requireHostingSite (C:\Users\cbanz\AppData\Roaming\npm\node_modules\firebase-tools\lib\requireHostingSite.js:9:18)
    at async Object.fn (C:\Users\cbanz\AppData\Roaming\npm\node_modules\firebase-tools\lib\commands\deploy.js:66:9)
    at async C:\Users\cbanz\AppData\Roaming\npm\node_modules\firebase-tools\lib\command.js:161:17
[error] 
[error] Error: Failed to get Firebase project arian-fitness. Please make sure the project exists and your account has permission to access it.
[debug] [2021-06-03T15:42:12.016Z] ----------------------------------------------------------------------
[debug] [2021-06-03T15:42:12.019Z] Command:       C:\Program Files\nodejs\node.exe C:\Users\cbanz\AppData\Roaming\npm\node_modules\firebase-tools\lib\bin\firebase.js deploy
[debug] [2021-06-03T15:42:12.020Z] CLI Version:   9.6.0
[debug] [2021-06-03T15:42:12.020Z] Platform:      win32
[debug] [2021-06-03T15:42:12.020Z] Node Version:  v14.8.0
[debug] [2021-06-03T15:42:12.022Z] Time:          Thu Jun 03 2021 17:42:12 GMT+0200 (heure d’été d’Europe centrale)
[debug] [2021-06-03T15:42:12.022Z] ----------------------------------------------------------------------
[debug] [2021-06-03T15:42:12.022Z] 
[debug] [2021-06-03T15:42:12.026Z] >>> [apiv2][query] GET https://firebase-public.firebaseio.com/cli.json [none]
[debug] [2021-06-03T15:42:12.058Z] > command requires scopes: ["email","openid","https://www.googleapis.com/auth/cloudplatformprojects.readonly","https://www.googleapis.com/auth/firebase","https://www.googleapis.com/auth/cloud-platform"]
[debug] [2021-06-03T15:42:12.059Z] > authorizing via signed-in user
[debug] [2021-06-03T15:42:12.060Z] [iam] checking project arian-fitness for permissions ["cloudfunctions.functions.create","cloudfunctions.functions.delete","cloudfunctions.functions.get","cloudfunctions.functions.list","cloudfunctions.functions.update","cloudfunctions.operations.get","firebase.projects.get","firebasehosting.sites.update"]
[debug] [2021-06-03T15:42:12.062Z] > refreshing access token with scopes: ["email","https://www.googleapis.com/auth/cloud-platform","https://www.googleapis.com/auth/cloudplatformprojects.readonly","https://www.googleapis.com/auth/firebase","openid"]
[debug] [2021-06-03T15:42:12.062Z] >>> HTTP REQUEST POST https://www.googleapis.com/oauth2/v3/token  
 <request body omitted>
[debug] [2021-06-03T15:42:12.088Z] [iam] error while checking permissions, command may fail: FirebaseError: Authentication Error: Your credentials are no longer valid. Please run firebase login --reauth

For CI servers and headless environments, generate a new token with firebase login:ci
[debug] [2021-06-03T15:42:12.089Z] > refreshing access token with scopes: ["email","https://www.googleapis.com/auth/cloud-platform","https://www.googleapis.com/auth/cloudplatformprojects.readonly","https://www.googleapis.com/auth/firebase","openid"]
[debug] [2021-06-03T15:42:12.089Z] >>> HTTP REQUEST POST https://www.googleapis.com/oauth2/v3/token  
 <request body omitted>
[debug] [2021-06-03T15:42:12.101Z] [functions] service account IAM check errored, deploy may fail: Authentication Error: Your credentials are no longer valid. Please run firebase login --reauth

For CI servers and headless environments, generate a new token with firebase login:ci {"name":"FirebaseError","children":[],"exit":1,"message":"Authentication Error: Your credentials are no longer valid. Please run \u001b[1mfirebase login --reauth\u001b[22m\n\nFor CI servers and headless environments, generate a new token with \u001b[1mfirebase login:ci\u001b[22m","status":500}
[debug] [2021-06-03T15:42:12.103Z] > refreshing access token with scopes: []
[debug] [2021-06-03T15:42:12.104Z] >>> HTTP REQUEST POST https://www.googleapis.com/oauth2/v3/token  
 <request body omitted>
[debug] [2021-06-03T15:42:12.109Z] Authentication Error: Your credentials are no longer valid. Please run firebase login --reauth

For CI servers and headless environments, generate a new token with firebase login:ci
[debug] [2021-06-03T15:42:12.112Z] FirebaseError: Authentication Error: Your credentials are no longer valid. Please run firebase login --reauth

For CI servers and headless environments, generate a new token with firebase login:ci
    at invalidCredentialError (C:\Users\cbanz\AppData\Roaming\npm\node_modules\firebase-tools\lib\auth.js:26:12)
    at refreshTokens (C:\Users\cbanz\AppData\Roaming\npm\node_modules\firebase-tools\lib\auth.js:297:15)
    at processTicksAndRejections (internal/process/task_queues.js:93:5)
    at async Client.getAccessToken (C:\Users\cbanz\AppData\Roaming\npm\node_modules\firebase-tools\lib\apiv2.js:144:23)
    at async Client.addAuthHeader (C:\Users\cbanz\AppData\Roaming\npm\node_modules\firebase-tools\lib\apiv2.js:135:21)
    at async Client.request (C:\Users\cbanz\AppData\Roaming\npm\node_modules\firebase-tools\lib\apiv2.js:93:34)
    at async Object.getFirebaseProject (C:\Users\cbanz\AppData\Roaming\npm\node_modules\firebase-tools\lib\management\projects.js:289:21)
    at async Object.getDefaultHostingSite (C:\Users\cbanz\AppData\Roaming\npm\node_modules\firebase-tools\lib\getDefaultHostingSite.js:8:21)
    at async requireHostingSite (C:\Users\cbanz\AppData\Roaming\npm\node_modules\firebase-tools\lib\requireHostingSite.js:9:18)
    at async Object.fn (C:\Users\cbanz\AppData\Roaming\npm\node_modules\firebase-tools\lib\commands\deploy.js:66:9)
    at async C:\Users\cbanz\AppData\Roaming\npm\node_modules\firebase-tools\lib\command.js:161:17
[error] 
[error] Error: Failed to get Firebase project arian-fitness. Please make sure the project exists and your account has permission to access it.
[debug] [2021-06-03T15:42:21.598Z] ----------------------------------------------------------------------
[debug] [2021-06-03T15:42:21.601Z] Command:       C:\Program Files\nodejs\node.exe C:\Users\cbanz\AppData\Roaming\npm\node_modules\firebase-tools\lib\bin\firebase.js deploy
[debug] [2021-06-03T15:42:21.602Z] CLI Version:   9.6.0
[debug] [2021-06-03T15:42:21.602Z] Platform:      win32
[debug] [2021-06-03T15:42:21.602Z] Node Version:  v14.8.0
[debug] [2021-06-03T15:42:21.603Z] Time:          Thu Jun 03 2021 17:42:21 GMT+0200 (heure d’été d’Europe centrale)
[debug] [2021-06-03T15:42:21.604Z] ----------------------------------------------------------------------
[debug] [2021-06-03T15:42:21.604Z] 
[debug] [2021-06-03T15:42:21.610Z] >>> [apiv2][query] GET https://firebase-public.firebaseio.com/cli.json [none]
[debug] [2021-06-03T15:42:21.642Z] > command requires scopes: ["email","openid","https://www.googleapis.com/auth/cloudplatformprojects.readonly","https://www.googleapis.com/auth/firebase","https://www.googleapis.com/auth/cloud-platform"]
[debug] [2021-06-03T15:42:21.643Z] > authorizing via signed-in user
[debug] [2021-06-03T15:42:21.643Z] [iam] checking project arian-fitness for permissions ["cloudfunctions.functions.create","cloudfunctions.functions.delete","cloudfunctions.functions.get","cloudfunctions.functions.list","cloudfunctions.functions.update","cloudfunctions.operations.get","firebase.projects.get","firebasehosting.sites.update"]
[debug] [2021-06-03T15:42:21.646Z] > refreshing access token with scopes: ["email","https://www.googleapis.com/auth/cloud-platform","https://www.googleapis.com/auth/cloudplatformprojects.readonly","https://www.googleapis.com/auth/firebase","openid"]
[debug] [2021-06-03T15:42:21.646Z] >>> HTTP REQUEST POST https://www.googleapis.com/oauth2/v3/token  
 <request body omitted>
[debug] [2021-06-03T15:42:21.662Z] [iam] error while checking permissions, command may fail: FirebaseError: Authentication Error: Your credentials are no longer valid. Please run firebase login --reauth

For CI servers and headless environments, generate a new token with firebase login:ci
[debug] [2021-06-03T15:42:21.663Z] > refreshing access token with scopes: ["email","https://www.googleapis.com/auth/cloud-platform","https://www.googleapis.com/auth/cloudplatformprojects.readonly","https://www.googleapis.com/auth/firebase","openid"]
[debug] [2021-06-03T15:42:21.663Z] >>> HTTP REQUEST POST https://www.googleapis.com/oauth2/v3/token  
 <request body omitted>
[debug] [2021-06-03T15:42:21.671Z] [functions] service account IAM check errored, deploy may fail: Authentication Error: Your credentials are no longer valid. Please run firebase login --reauth

For CI servers and headless environments, generate a new token with firebase login:ci {"name":"FirebaseError","children":[],"exit":1,"message":"Authentication Error: Your credentials are no longer valid. Please run \u001b[1mfirebase login --reauth\u001b[22m\n\nFor CI servers and headless environments, generate a new token with \u001b[1mfirebase login:ci\u001b[22m","status":500}
[debug] [2021-06-03T15:42:21.674Z] > refreshing access token with scopes: []
[debug] [2021-06-03T15:42:21.674Z] >>> HTTP REQUEST POST https://www.googleapis.com/oauth2/v3/token  
 <request body omitted>
[debug] [2021-06-03T15:42:21.686Z] Authentication Error: Your credentials are no longer valid. Please run firebase login --reauth

For CI servers and headless environments, generate a new token with firebase login:ci
[debug] [2021-06-03T15:42:21.689Z] FirebaseError: Authentication Error: Your credentials are no longer valid. Please run firebase login --reauth

For CI servers and headless environments, generate a new token with firebase login:ci
    at invalidCredentialError (C:\Users\cbanz\AppData\Roaming\npm\node_modules\firebase-tools\lib\auth.js:26:12)
    at refreshTokens (C:\Users\cbanz\AppData\Roaming\npm\node_modules\firebase-tools\lib\auth.js:297:15)
    at processTicksAndRejections (internal/process/task_queues.js:93:5)
    at async Client.getAccessToken (C:\Users\cbanz\AppData\Roaming\npm\node_modules\firebase-tools\lib\apiv2.js:144:23)
    at async Client.addAuthHeader (C:\Users\cbanz\AppData\Roaming\npm\node_modules\firebase-tools\lib\apiv2.js:135:21)
    at async Client.request (C:\Users\cbanz\AppData\Roaming\npm\node_modules\firebase-tools\lib\apiv2.js:93:34)
    at async Object.getFirebaseProject (C:\Users\cbanz\AppData\Roaming\npm\node_modules\firebase-tools\lib\management\projects.js:289:21)
    at async Object.getDefaultHostingSite (C:\Users\cbanz\AppData\Roaming\npm\node_modules\firebase-tools\lib\getDefaultHostingSite.js:8:21)
    at async requireHostingSite (C:\Users\cbanz\AppData\Roaming\npm\node_modules\firebase-tools\lib\requireHostingSite.js:9:18)
    at async Object.fn (C:\Users\cbanz\AppData\Roaming\npm\node_modules\firebase-tools\lib\commands\deploy.js:66:9)
    at async C:\Users\cbanz\AppData\Roaming\npm\node_modules\firebase-tools\lib\command.js:161:17
[error] 
[error] Error: Failed to get Firebase project arian-fitness. Please make sure the project exists and your account has permission to access it.
[debug] [2021-06-03T15:43:24.789Z] ----------------------------------------------------------------------
[debug] [2021-06-03T15:43:24.791Z] Command:       C:\Program Files\nodejs\node.exe C:\Users\cbanz\AppData\Roaming\npm\node_modules\firebase-tools\lib\bin\firebase.js deploy
[debug] [2021-06-03T15:43:24.792Z] CLI Version:   9.6.0
[debug] [2021-06-03T15:43:24.792Z] Platform:      win32
[debug] [2021-06-03T15:43:24.792Z] Node Version:  v14.8.0
[debug] [2021-06-03T15:43:24.793Z] Time:          Thu Jun 03 2021 17:43:24 GMT+0200 (heure d’été d’Europe centrale)
[debug] [2021-06-03T15:43:24.793Z] ----------------------------------------------------------------------
[debug] [2021-06-03T15:43:24.794Z] 
[debug] [2021-06-03T15:43:24.797Z] >>> [apiv2][query] GET https://firebase-public.firebaseio.com/cli.json [none]
[debug] [2021-06-03T15:43:24.825Z] > command requires scopes: ["email","openid","https://www.googleapis.com/auth/cloudplatformprojects.readonly","https://www.googleapis.com/auth/firebase","https://www.googleapis.com/auth/cloud-platform"]
[debug] [2021-06-03T15:43:24.825Z] > authorizing via signed-in user
[debug] [2021-06-03T15:43:24.826Z] [iam] checking project arian-fitness for permissions ["cloudfunctions.functions.create","cloudfunctions.functions.delete","cloudfunctions.functions.get","cloudfunctions.functions.list","cloudfunctions.functions.update","cloudfunctions.operations.get","firebase.projects.get","firebasehosting.sites.update"]
[debug] [2021-06-03T15:43:24.827Z] > refreshing access token with scopes: ["email","https://www.googleapis.com/auth/cloud-platform","https://www.googleapis.com/auth/cloudplatformprojects.readonly","https://www.googleapis.com/auth/firebase","openid"]
[debug] [2021-06-03T15:43:24.828Z] >>> HTTP REQUEST POST https://www.googleapis.com/oauth2/v3/token  
 <request body omitted>
[debug] [2021-06-03T15:43:24.847Z] [iam] error while checking permissions, command may fail: FirebaseError: Authentication Error: Your credentials are no longer valid. Please run firebase login --reauth

For CI servers and headless environments, generate a new token with firebase login:ci
[debug] [2021-06-03T15:43:24.848Z] > refreshing access token with scopes: ["email","https://www.googleapis.com/auth/cloud-platform","https://www.googleapis.com/auth/cloudplatformprojects.readonly","https://www.googleapis.com/auth/firebase","openid"]
[debug] [2021-06-03T15:43:24.849Z] >>> HTTP REQUEST POST https://www.googleapis.com/oauth2/v3/token  
 <request body omitted>
[debug] [2021-06-03T15:43:24.854Z] [functions] service account IAM check errored, deploy may fail: Authentication Error: Your credentials are no longer valid. Please run firebase login --reauth

For CI servers and headless environments, generate a new token with firebase login:ci {"name":"FirebaseError","children":[],"exit":1,"message":"Authentication Error: Your credentials are no longer valid. Please run \u001b[1mfirebase login --reauth\u001b[22m\n\nFor CI servers and headless environments, generate a new token with \u001b[1mfirebase login:ci\u001b[22m","status":500}
[debug] [2021-06-03T15:43:24.855Z] > refreshing access token with scopes: []
[debug] [2021-06-03T15:43:24.855Z] >>> HTTP REQUEST POST https://www.googleapis.com/oauth2/v3/token  
 <request body omitted>
[debug] [2021-06-03T15:43:24.863Z] Authentication Error: Your credentials are no longer valid. Please run firebase login --reauth

For CI servers and headless environments, generate a new token with firebase login:ci
[debug] [2021-06-03T15:43:24.865Z] FirebaseError: Authentication Error: Your credentials are no longer valid. Please run firebase login --reauth

For CI servers and headless environments, generate a new token with firebase login:ci
    at invalidCredentialError (C:\Users\cbanz\AppData\Roaming\npm\node_modules\firebase-tools\lib\auth.js:26:12)
    at refreshTokens (C:\Users\cbanz\AppData\Roaming\npm\node_modules\firebase-tools\lib\auth.js:297:15)
    at processTicksAndRejections (internal/process/task_queues.js:93:5)
    at async Client.getAccessToken (C:\Users\cbanz\AppData\Roaming\npm\node_modules\firebase-tools\lib\apiv2.js:144:23)
    at async Client.addAuthHeader (C:\Users\cbanz\AppData\Roaming\npm\node_modules\firebase-tools\lib\apiv2.js:135:21)
    at async Client.request (C:\Users\cbanz\AppData\Roaming\npm\node_modules\firebase-tools\lib\apiv2.js:93:34)
    at async Object.getFirebaseProject (C:\Users\cbanz\AppData\Roaming\npm\node_modules\firebase-tools\lib\management\projects.js:289:21)
    at async Object.getDefaultHostingSite (C:\Users\cbanz\AppData\Roaming\npm\node_modules\firebase-tools\lib\getDefaultHostingSite.js:8:21)
    at async requireHostingSite (C:\Users\cbanz\AppData\Roaming\npm\node_modules\firebase-tools\lib\requireHostingSite.js:9:18)
    at async Object.fn (C:\Users\cbanz\AppData\Roaming\npm\node_modules\firebase-tools\lib\commands\deploy.js:66:9)
    at async C:\Users\cbanz\AppData\Roaming\npm\node_modules\firebase-tools\lib\command.js:161:17
[error] 
[error] Error: Failed to get Firebase project arian-fitness. Please make sure the project exists and your account has permission to access it.
[debug] [2021-06-03T15:43:54.093Z] ----------------------------------------------------------------------
[debug] [2021-06-03T15:43:54.097Z] Command:       C:\Program Files\nodejs\node.exe C:\Users\cbanz\AppData\Roaming\npm\node_modules\firebase-tools\lib\bin\firebase.js deploy
[debug] [2021-06-03T15:43:54.097Z] CLI Version:   9.6.0
[debug] [2021-06-03T15:43:54.097Z] Platform:      win32
[debug] [2021-06-03T15:43:54.098Z] Node Version:  v14.8.0
[debug] [2021-06-03T15:43:54.099Z] Time:          Thu Jun 03 2021 17:43:54 GMT+0200 (heure d’été d’Europe centrale)
[debug] [2021-06-03T15:43:54.100Z] ----------------------------------------------------------------------
[debug] [2021-06-03T15:43:54.100Z] 
[debug] [2021-06-03T15:43:54.103Z] >>> [apiv2][query] GET https://firebase-public.firebaseio.com/cli.json [none]
[debug] [2021-06-03T15:43:54.132Z] > command requires scopes: ["email","openid","https://www.googleapis.com/auth/cloudplatformprojects.readonly","https://www.googleapis.com/auth/firebase","https://www.googleapis.com/auth/cloud-platform"]
[debug] [2021-06-03T15:43:54.133Z] > authorizing via signed-in user
[debug] [2021-06-03T15:43:54.133Z] [iam] checking project arian-fitness for permissions ["cloudfunctions.functions.create","cloudfunctions.functions.delete","cloudfunctions.functions.get","cloudfunctions.functions.list","cloudfunctions.functions.update","cloudfunctions.operations.get","firebase.projects.get","firebasehosting.sites.update"]
[debug] [2021-06-03T15:43:54.135Z] > refreshing access token with scopes: ["email","https://www.googleapis.com/auth/cloud-platform","https://www.googleapis.com/auth/cloudplatformprojects.readonly","https://www.googleapis.com/auth/firebase","openid"]
[debug] [2021-06-03T15:43:54.135Z] >>> HTTP REQUEST POST https://www.googleapis.com/oauth2/v3/token  
 <request body omitted>
[debug] [2021-06-03T15:43:54.155Z] [iam] error while checking permissions, command may fail: FirebaseError: Authentication Error: Your credentials are no longer valid. Please run firebase login --reauth

For CI servers and headless environments, generate a new token with firebase login:ci
[debug] [2021-06-03T15:43:54.156Z] > refreshing access token with scopes: ["email","https://www.googleapis.com/auth/cloud-platform","https://www.googleapis.com/auth/cloudplatformprojects.readonly","https://www.googleapis.com/auth/firebase","openid"]
[debug] [2021-06-03T15:43:54.157Z] >>> HTTP REQUEST POST https://www.googleapis.com/oauth2/v3/token  
 <request body omitted>
[debug] [2021-06-03T15:43:54.163Z] [functions] service account IAM check errored, deploy may fail: Authentication Error: Your credentials are no longer valid. Please run firebase login --reauth

For CI servers and headless environments, generate a new token with firebase login:ci {"name":"FirebaseError","children":[],"exit":1,"message":"Authentication Error: Your credentials are no longer valid. Please run \u001b[1mfirebase login --reauth\u001b[22m\n\nFor CI servers and headless environments, generate a new token with \u001b[1mfirebase login:ci\u001b[22m","status":500}
[debug] [2021-06-03T15:43:54.164Z] > refreshing access token with scopes: []
[debug] [2021-06-03T15:43:54.165Z] >>> HTTP REQUEST POST https://www.googleapis.com/oauth2/v3/token  
 <request body omitted>
[debug] [2021-06-03T15:43:54.177Z] Authentication Error: Your credentials are no longer valid. Please run firebase login --reauth

For CI servers and headless environments, generate a new token with firebase login:ci
[debug] [2021-06-03T15:43:54.181Z] FirebaseError: Authentication Error: Your credentials are no longer valid. Please run firebase login --reauth

For CI servers and headless environments, generate a new token with firebase login:ci
    at invalidCredentialError (C:\Users\cbanz\AppData\Roaming\npm\node_modules\firebase-tools\lib\auth.js:26:12)
    at refreshTokens (C:\Users\cbanz\AppData\Roaming\npm\node_modules\firebase-tools\lib\auth.js:297:15)
    at processTicksAndRejections (internal/process/task_queues.js:93:5)
    at async Client.getAccessToken (C:\Users\cbanz\AppData\Roaming\npm\node_modules\firebase-tools\lib\apiv2.js:144:23)
    at async Client.addAuthHeader (C:\Users\cbanz\AppData\Roaming\npm\node_modules\firebase-tools\lib\apiv2.js:135:21)
    at async Client.request (C:\Users\cbanz\AppData\Roaming\npm\node_modules\firebase-tools\lib\apiv2.js:93:34)
    at async Object.getFirebaseProject (C:\Users\cbanz\AppData\Roaming\npm\node_modules\firebase-tools\lib\management\projects.js:289:21)
    at async Object.getDefaultHostingSite (C:\Users\cbanz\AppData\Roaming\npm\node_modules\firebase-tools\lib\getDefaultHostingSite.js:8:21)
    at async requireHostingSite (C:\Users\cbanz\AppData\Roaming\npm\node_modules\firebase-tools\lib\requireHostingSite.js:9:18)
    at async Object.fn (C:\Users\cbanz\AppData\Roaming\npm\node_modules\firebase-tools\lib\commands\deploy.js:66:9)
    at async C:\Users\cbanz\AppData\Roaming\npm\node_modules\firebase-tools\lib\command.js:161:17
[error] 
[error] Error: Failed to get Firebase project arian-fitness. Please make sure the project exists and your account has permission to access it.
[debug] [2021-06-03T15:45:09.058Z] ----------------------------------------------------------------------
[debug] [2021-06-03T15:45:09.060Z] Command:       C:\Program Files\nodejs\node.exe C:\Users\cbanz\AppData\Roaming\npm\node_modules\firebase-tools\lib\bin\firebase.js deploy
[debug] [2021-06-03T15:45:09.060Z] CLI Version:   9.6.0
[debug] [2021-06-03T15:45:09.060Z] Platform:      win32
[debug] [2021-06-03T15:45:09.061Z] Node Version:  v14.8.0
[debug] [2021-06-03T15:45:09.062Z] Time:          Thu Jun 03 2021 17:45:09 GMT+0200 (heure d’été d’Europe centrale)
[debug] [2021-06-03T15:45:09.062Z] ----------------------------------------------------------------------
[debug] [2021-06-03T15:45:09.062Z] 
[debug] [2021-06-03T15:45:09.066Z] >>> [apiv2][query] GET https://firebase-public.firebaseio.com/cli.json [none]
[debug] [2021-06-03T15:45:09.096Z] > command requires scopes: ["email","openid","https://www.googleapis.com/auth/cloudplatformprojects.readonly","https://www.googleapis.com/auth/firebase","https://www.googleapis.com/auth/cloud-platform"]
[debug] [2021-06-03T15:45:09.096Z] > authorizing via signed-in user
[debug] [2021-06-03T15:45:09.097Z] [iam] checking project arian-fitness for permissions ["cloudfunctions.functions.create","cloudfunctions.functions.delete","cloudfunctions.functions.get","cloudfunctions.functions.list","cloudfunctions.functions.update","cloudfunctions.operations.get","firebase.projects.get","firebasehosting.sites.update"]
[debug] [2021-06-03T15:45:09.099Z] > refreshing access token with scopes: ["email","https://www.googleapis.com/auth/cloud-platform","https://www.googleapis.com/auth/cloudplatformprojects.readonly","https://www.googleapis.com/auth/firebase","openid"]
[debug] [2021-06-03T15:45:09.099Z] >>> HTTP REQUEST POST https://www.googleapis.com/oauth2/v3/token  
 <request body omitted>
[debug] [2021-06-03T15:45:09.117Z] [iam] error while checking permissions, command may fail: FirebaseError: Authentication Error: Your credentials are no longer valid. Please run firebase login --reauth

For CI servers and headless environments, generate a new token with firebase login:ci
[debug] [2021-06-03T15:45:09.118Z] > refreshing access token with scopes: ["email","https://www.googleapis.com/auth/cloud-platform","https://www.googleapis.com/auth/cloudplatformprojects.readonly","https://www.googleapis.com/auth/firebase","openid"]
[debug] [2021-06-03T15:45:09.119Z] >>> HTTP REQUEST POST https://www.googleapis.com/oauth2/v3/token  
 <request body omitted>
[debug] [2021-06-03T15:45:09.125Z] [functions] service account IAM check errored, deploy may fail: Authentication Error: Your credentials are no longer valid. Please run firebase login --reauth

For CI servers and headless environments, generate a new token with firebase login:ci {"name":"FirebaseError","children":[],"exit":1,"message":"Authentication Error: Your credentials are no longer valid. Please run \u001b[1mfirebase login --reauth\u001b[22m\n\nFor CI servers and headless environments, generate a new token with \u001b[1mfirebase login:ci\u001b[22m","status":500}
[debug] [2021-06-03T15:45:09.127Z] > refreshing access token with scopes: []
[debug] [2021-06-03T15:45:09.127Z] >>> HTTP REQUEST POST https://www.googleapis.com/oauth2/v3/token  
 <request body omitted>
[debug] [2021-06-03T15:45:09.135Z] Authentication Error: Your credentials are no longer valid. Please run firebase login --reauth

For CI servers and headless environments, generate a new token with firebase login:ci
[debug] [2021-06-03T15:45:09.139Z] FirebaseError: Authentication Error: Your credentials are no longer valid. Please run firebase login --reauth

For CI servers and headless environments, generate a new token with firebase login:ci
    at invalidCredentialError (C:\Users\cbanz\AppData\Roaming\npm\node_modules\firebase-tools\lib\auth.js:26:12)
    at refreshTokens (C:\Users\cbanz\AppData\Roaming\npm\node_modules\firebase-tools\lib\auth.js:297:15)
    at processTicksAndRejections (internal/process/task_queues.js:93:5)
    at async Client.getAccessToken (C:\Users\cbanz\AppData\Roaming\npm\node_modules\firebase-tools\lib\apiv2.js:144:23)
    at async Client.addAuthHeader (C:\Users\cbanz\AppData\Roaming\npm\node_modules\firebase-tools\lib\apiv2.js:135:21)
    at async Client.request (C:\Users\cbanz\AppData\Roaming\npm\node_modules\firebase-tools\lib\apiv2.js:93:34)
    at async Object.getFirebaseProject (C:\Users\cbanz\AppData\Roaming\npm\node_modules\firebase-tools\lib\management\projects.js:289:21)
    at async Object.getDefaultHostingSite (C:\Users\cbanz\AppData\Roaming\npm\node_modules\firebase-tools\lib\getDefaultHostingSite.js:8:21)
    at async requireHostingSite (C:\Users\cbanz\AppData\Roaming\npm\node_modules\firebase-tools\lib\requireHostingSite.js:9:18)
    at async Object.fn (C:\Users\cbanz\AppData\Roaming\npm\node_modules\firebase-tools\lib\commands\deploy.js:66:9)
    at async C:\Users\cbanz\AppData\Roaming\npm\node_modules\firebase-tools\lib\command.js:161:17
[error] 
[error] Error: Failed to get Firebase project arian-fitness. Please make sure the project exists and your account has permission to access it.
[debug] [2021-06-03T15:47:08.841Z] ----------------------------------------------------------------------
[debug] [2021-06-03T15:47:08.843Z] Command:       C:\Program Files\nodejs\node.exe C:\Users\cbanz\AppData\Roaming\npm\node_modules\firebase-tools\lib\bin\firebase.js deploy
[debug] [2021-06-03T15:47:08.844Z] CLI Version:   9.6.0
[debug] [2021-06-03T15:47:08.844Z] Platform:      win32
[debug] [2021-06-03T15:47:08.844Z] Node Version:  v14.8.0
[debug] [2021-06-03T15:47:08.846Z] Time:          Thu Jun 03 2021 17:47:08 GMT+0200 (heure d’été d’Europe centrale)
[debug] [2021-06-03T15:47:08.846Z] ----------------------------------------------------------------------
[debug] [2021-06-03T15:47:08.846Z] 
[debug] [2021-06-03T15:47:08.849Z] >>> [apiv2][query] GET https://firebase-public.firebaseio.com/cli.json [none]
[debug] [2021-06-03T15:47:08.878Z] > command requires scopes: ["email","openid","https://www.googleapis.com/auth/cloudplatformprojects.readonly","https://www.googleapis.com/auth/firebase","https://www.googleapis.com/auth/cloud-platform"]
[debug] [2021-06-03T15:47:08.879Z] > authorizing via signed-in user
[debug] [2021-06-03T15:47:08.879Z] [iam] checking project arian-fitness for permissions ["cloudfunctions.functions.create","cloudfunctions.functions.delete","cloudfunctions.functions.get","cloudfunctions.functions.list","cloudfunctions.functions.update","cloudfunctions.operations.get","firebase.projects.get","firebasehosting.sites.update"]
[debug] [2021-06-03T15:47:08.881Z] > refreshing access token with scopes: ["email","https://www.googleapis.com/auth/cloud-platform","https://www.googleapis.com/auth/cloudplatformprojects.readonly","https://www.googleapis.com/auth/firebase","openid"]
[debug] [2021-06-03T15:47:08.881Z] >>> HTTP REQUEST POST https://www.googleapis.com/oauth2/v3/token  
 <request body omitted>
[debug] [2021-06-03T15:47:08.899Z] [iam] error while checking permissions, command may fail: FirebaseError: Authentication Error: Your credentials are no longer valid. Please run firebase login --reauth

For CI servers and headless environments, generate a new token with firebase login:ci
[debug] [2021-06-03T15:47:08.899Z] > refreshing access token with scopes: ["email","https://www.googleapis.com/auth/cloud-platform","https://www.googleapis.com/auth/cloudplatformprojects.readonly","https://www.googleapis.com/auth/firebase","openid"]
[debug] [2021-06-03T15:47:08.900Z] >>> HTTP REQUEST POST https://www.googleapis.com/oauth2/v3/token  
 <request body omitted>
[debug] [2021-06-03T15:47:08.906Z] [functions] service account IAM check errored, deploy may fail: Authentication Error: Your credentials are no longer valid. Please run firebase login --reauth

For CI servers and headless environments, generate a new token with firebase login:ci {"name":"FirebaseError","children":[],"exit":1,"message":"Authentication Error: Your credentials are no longer valid. Please run \u001b[1mfirebase login --reauth\u001b[22m\n\nFor CI servers and headless environments, generate a new token with \u001b[1mfirebase login:ci\u001b[22m","status":500}
[debug] [2021-06-03T15:47:08.908Z] > refreshing access token with scopes: []
[debug] [2021-06-03T15:47:08.908Z] >>> HTTP REQUEST POST https://www.googleapis.com/oauth2/v3/token  
 <request body omitted>
[debug] [2021-06-03T15:47:08.918Z] Authentication Error: Your credentials are no longer valid. Please run firebase login --reauth

For CI servers and headless environments, generate a new token with firebase login:ci
[debug] [2021-06-03T15:47:08.920Z] FirebaseError: Authentication Error: Your credentials are no longer valid. Please run firebase login --reauth

For CI servers and headless environments, generate a new token with firebase login:ci
    at invalidCredentialError (C:\Users\cbanz\AppData\Roaming\npm\node_modules\firebase-tools\lib\auth.js:26:12)
    at refreshTokens (C:\Users\cbanz\AppData\Roaming\npm\node_modules\firebase-tools\lib\auth.js:297:15)
    at processTicksAndRejections (internal/process/task_queues.js:93:5)
    at async Client.getAccessToken (C:\Users\cbanz\AppData\Roaming\npm\node_modules\firebase-tools\lib\apiv2.js:144:23)
    at async Client.addAuthHeader (C:\Users\cbanz\AppData\Roaming\npm\node_modules\firebase-tools\lib\apiv2.js:135:21)
    at async Client.request (C:\Users\cbanz\AppData\Roaming\npm\node_modules\firebase-tools\lib\apiv2.js:93:34)
    at async Object.getFirebaseProject (C:\Users\cbanz\AppData\Roaming\npm\node_modules\firebase-tools\lib\management\projects.js:289:21)
    at async Object.getDefaultHostingSite (C:\Users\cbanz\AppData\Roaming\npm\node_modules\firebase-tools\lib\getDefaultHostingSite.js:8:21)
    at async requireHostingSite (C:\Users\cbanz\AppData\Roaming\npm\node_modules\firebase-tools\lib\requireHostingSite.js:9:18)
    at async Object.fn (C:\Users\cbanz\AppData\Roaming\npm\node_modules\firebase-tools\lib\commands\deploy.js:66:9)
    at async C:\Users\cbanz\AppData\Roaming\npm\node_modules\firebase-tools\lib\command.js:161:17
[error] 
[error] Error: Failed to get Firebase project arian-fitness. Please make sure the project exists and your account has permission to access it.
